[2018-11-13 16:40:39.733] [exthost1] [info] extension host started
[2018-11-13 16:40:40.539] [exthost1] [info] extension host started
[2018-11-13 16:40:40.576] [exthost1] [info] ExtensionService#_doActivateExtension vscode.debug-auto-launch {"startup":true,"activationEvent":"*"}
[2018-11-13 16:40:40.576] [exthost1] [info] ExtensionService#loadCommonJSModule c:\Users\ciara\.codemix\engine\resources\app\extensions\debug-auto-launch\out\extension
[2018-11-13 16:40:40.590] [exthost1] [info] ExtensionService#_doActivateExtension vscode.emmet {"startup":true,"activationEvent":"*"}
[2018-11-13 16:40:40.590] [exthost1] [info] ExtensionService#loadCommonJSModule c:\Users\ciara\.codemix\engine\resources\app\extensions\emmet\dist\extension
[2018-11-13 16:40:40.649] [exthost1] [info] ExtensionService#_doActivateExtension vscode.merge-conflict {"startup":true,"activationEvent":"*"}
[2018-11-13 16:40:40.649] [exthost1] [info] ExtensionService#loadCommonJSModule c:\Users\ciara\.codemix\engine\resources\app\extensions\merge-conflict\out\extension
[2018-11-13 16:40:40.685] [exthost1] [info] ExtensionService#_doActivateExtension vscode.search-rg {"startup":true,"activationEvent":"*"}
[2018-11-13 16:40:40.685] [exthost1] [info] ExtensionService#loadCommonJSModule c:\Users\ciara\.codemix\engine\resources\app\extensions\search-rg\out\extension
[2018-11-13 16:40:40.702] [exthost1] [info] ExtensionService#_doActivateExtension christian-kohler.path-intellisense {"startup":true,"activationEvent":"*"}
[2018-11-13 16:40:40.702] [exthost1] [info] ExtensionService#loadCommonJSModule C:\Users\ciara\.codemix\extensions\christian-kohler.path-intellisense-1.4.2\out\src\extension
[2018-11-13 16:40:40.721] [exthost1] [info] ExtensionService#_doActivateExtension dbaeumer.vscode-eslint {"startup":true,"activationEvent":"*"}
[2018-11-13 16:40:40.721] [exthost1] [info] ExtensionService#loadCommonJSModule C:\Users\ciara\.codemix\extensions\dbaeumer.vscode-eslint-1.4.10\client\out\extension
[2018-11-13 16:40:41.368] [exthost1] [info] ExtensionService#_doActivateExtension formulahendry.auto-close-tag {"startup":true,"activationEvent":"*"}
[2018-11-13 16:40:41.368] [exthost1] [info] ExtensionService#loadCommonJSModule C:\Users\ciara\.codemix\extensions\formulahendry.auto-close-tag-0.5.6\out\src\extension
[2018-11-13 16:40:41.383] [exthost1] [info] ExtensionService#_doActivateExtension HookyQR.beautify {"startup":true,"activationEvent":"*"}
[2018-11-13 16:40:41.383] [exthost1] [info] ExtensionService#loadCommonJSModule C:\Users\ciara\.codemix\extensions\hookyqr.beautify-1.3.0\extension
[2018-11-13 16:40:41.814] [exthost1] [info] ExtensionService#_doActivateExtension Zignd.html-css-class-completion {"startup":true,"activationEvent":"*"}
[2018-11-13 16:40:41.814] [exthost1] [info] ExtensionService#loadCommonJSModule C:\Users\ciara\.codemix\extensions\zignd.html-css-class-completion-1.17.1\out\src\extension
[2018-11-13 16:40:46.183] [exthost1] [info] eager extensions activated
[2018-11-13 16:40:46.183] [exthost1] [info] ExtensionService#_doActivateExtension vscode.configuration-editing {"startup":false,"activationEvent":"onLanguage:jsonc"}
[2018-11-13 16:40:46.183] [exthost1] [info] ExtensionService#loadCommonJSModule c:\Users\ciara\.codemix\engine\resources\app\extensions\configuration-editing\out\extension
[2018-11-13 16:40:46.277] [exthost1] [info] ExtensionService#_doActivateExtension vscode.json-language-features {"startup":false,"activationEvent":"onLanguage:jsonc"}
[2018-11-13 16:40:46.277] [exthost1] [info] ExtensionService#loadCommonJSModule c:\Users\ciara\.codemix\engine\resources\app\extensions\json-language-features\client\dist\jsonMain
[2018-11-13 16:40:47.404] [exthost1] [info] ExtensionService#_doActivateExtension vscode.typescript-language-features {"startup":false,"activationEvent":"onLanguage:jsonc"}
[2018-11-13 16:40:47.404] [exthost1] [info] ExtensionService#loadCommonJSModule c:\Users\ciara\.codemix\engine\resources\app\extensions\typescript-language-features\dist\extension
[2018-11-13 16:40:47.974] [exthost1] [info] ExtensionService#_doActivateExtension vscode.grunt {"startup":false,"activationEvent":"onCommand:workbench.action.tasks.runTask"}
[2018-11-13 16:40:47.974] [exthost1] [info] ExtensionService#loadCommonJSModule c:\Users\ciara\.codemix\engine\resources\app\extensions\grunt\out\main
[2018-11-13 16:40:48.041] [exthost1] [info] ExtensionService#_doActivateExtension vscode.gulp {"startup":false,"activationEvent":"onCommand:workbench.action.tasks.runTask"}
[2018-11-13 16:40:48.041] [exthost1] [info] ExtensionService#loadCommonJSModule c:\Users\ciara\.codemix\engine\resources\app\extensions\gulp\out\main
[2018-11-13 16:40:48.115] [exthost1] [info] ExtensionService#_doActivateExtension vscode.jake {"startup":false,"activationEvent":"onCommand:workbench.action.tasks.runTask"}
[2018-11-13 16:40:48.115] [exthost1] [info] ExtensionService#loadCommonJSModule c:\Users\ciara\.codemix\engine\resources\app\extensions\jake\out\main
[2018-11-13 16:40:48.167] [exthost1] [info] ExtensionService#_doActivateExtension vscode.npm {"startup":false,"activationEvent":"onCommand:workbench.action.tasks.runTask"}
[2018-11-13 16:40:48.167] [exthost1] [info] ExtensionService#loadCommonJSModule c:\Users\ciara\.codemix\engine\resources\app\extensions\npm\out\main
